<?xml version="1.0" encoding="UTF-8"?>
<testsuite xmlns:xsi="http://www.w3.org/2001/XMLSchema-instance" xsi:noNamespaceSchemaLocation="https://maven.apache.org/surefire/maven-surefire-plugin/xsd/surefire-test-report-3.0.xsd" version="3.0" name="uk.gov.ons.ctp.integration.eqlaunch.crypto.JWSHelperTest" time="1.553" tests="5" errors="0" skipped="0" failures="0">
  <properties>
    <property name="gopherProxySet" value="false"/>
    <property name="awt.toolkit" value="sun.lwawt.macosx.LWCToolkit"/>
    <property name="java.specification.version" value="11"/>
    <property name="sun.cpu.isalist" value=""/>
    <property name="sun.jnu.encoding" value="UTF-8"/>
    <property name="java.class.path" value="/Users/philwhiles/Development/workspaces/eclipse/phoenix/sdc-int-common/eq-launcher/target/test-classes:/Users/philwhiles/Development/workspaces/eclipse/phoenix/sdc-int-common/eq-launcher/target/classes:/Users/philwhiles/.m2/repository/org/projectlombok/lombok/1.18.12/lombok-1.18.12.jar:/Users/philwhiles/.m2/repository/org/apache/commons/commons-collections4/4.2/commons-collections4-4.2.jar:/Users/philwhiles/.m2/repository/org/apache/commons/commons-lang3/3.8.1/commons-lang3-3.8.1.jar:/Users/philwhiles/.m2/repository/com/fasterxml/jackson/module/jackson-module-parameter-names/2.11.0/jackson-module-parameter-names-2.11.0.jar:/Users/philwhiles/.m2/repository/com/fasterxml/jackson/core/jackson-core/2.11.0/jackson-core-2.11.0.jar:/Users/philwhiles/.m2/repository/com/fasterxml/jackson/core/jackson-databind/2.11.0/jackson-databind-2.11.0.jar:/Users/philwhiles/.m2/repository/com/fasterxml/jackson/datatype/jackson-datatype-jdk8/2.11.0/jackson-datatype-jdk8-2.11.0.jar:/Users/philwhiles/.m2/repository/com/fasterxml/jackson/datatype/jackson-datatype-jsr310/2.11.0/jackson-datatype-jsr310-2.11.0.jar:/Users/philwhiles/.m2/repository/com/fasterxml/jackson/core/jackson-annotations/2.11.0/jackson-annotations-2.11.0.jar:/Users/philwhiles/.m2/repository/com/godaddy/logging/1.2.5/logging-1.2.5.jar:/Users/philwhiles/.m2/repository/org/slf4j/slf4j-api/1.7.30/slf4j-api-1.7.30.jar:/Users/philwhiles/.m2/repository/net/logstash/logback/logstash-logback-encoder/4.11/logstash-logback-encoder-4.11.jar:/Users/philwhiles/.m2/repository/ch/qos/logback/logback-core/1.2.3/logback-core-1.2.3.jar:/Users/philwhiles/.m2/repository/com/google/guava/guava/29.0-android/guava-29.0-android.jar:/Users/philwhiles/.m2/repository/com/google/guava/failureaccess/1.0.1/failureaccess-1.0.1.jar:/Users/philwhiles/.m2/repository/com/google/guava/listenablefuture/9999.0-empty-to-avoid-conflict-with-guava/listenablefuture-9999.0-empty-to-avoid-conflict-with-guava.jar:/Users/philwhiles/.m2/repository/com/google/code/findbugs/jsr305/3.0.2/jsr305-3.0.2.jar:/Users/philwhiles/.m2/repository/org/checkerframework/checker-compat-qual/2.5.5/checker-compat-qual-2.5.5.jar:/Users/philwhiles/.m2/repository/com/google/errorprone/error_prone_annotations/2.3.4/error_prone_annotations-2.3.4.jar:/Users/philwhiles/.m2/repository/com/google/j2objc/j2objc-annotations/1.3/j2objc-annotations-1.3.jar:/Users/philwhiles/.m2/repository/com/esotericsoftware/reflectasm/1.11.3/reflectasm-1.11.3.jar:/Users/philwhiles/.m2/repository/org/ow2/asm/asm/5.0.4/asm-5.0.4.jar:/Users/philwhiles/.m2/repository/uk/gov/ons/ctp/integration/common/framework/0.0.79/framework-0.0.79.jar:/Users/philwhiles/.m2/repository/org/springframework/boot/spring-boot-starter-web/2.3.0.RELEASE/spring-boot-starter-web-2.3.0.RELEASE.jar:/Users/philwhiles/.m2/repository/org/springframework/boot/spring-boot-starter/2.3.0.RELEASE/spring-boot-starter-2.3.0.RELEASE.jar:/Users/philwhiles/.m2/repository/org/springframework/boot/spring-boot/2.3.0.RELEASE/spring-boot-2.3.0.RELEASE.jar:/Users/philwhiles/.m2/repository/org/springframework/boot/spring-boot-autoconfigure/2.3.0.RELEASE/spring-boot-autoconfigure-2.3.0.RELEASE.jar:/Users/philwhiles/.m2/repository/org/springframework/boot/spring-boot-starter-logging/2.3.0.RELEASE/spring-boot-starter-logging-2.3.0.RELEASE.jar:/Users/philwhiles/.m2/repository/ch/qos/logback/logback-classic/1.2.3/logback-classic-1.2.3.jar:/Users/philwhiles/.m2/repository/org/apache/logging/log4j/log4j-to-slf4j/2.13.2/log4j-to-slf4j-2.13.2.jar:/Users/philwhiles/.m2/repository/org/apache/logging/log4j/log4j-api/2.13.2/log4j-api-2.13.2.jar:/Users/philwhiles/.m2/repository/org/slf4j/jul-to-slf4j/1.7.30/jul-to-slf4j-1.7.30.jar:/Users/philwhiles/.m2/repository/jakarta/annotation/jakarta.annotation-api/1.3.5/jakarta.annotation-api-1.3.5.jar:/Users/philwhiles/.m2/repository/org/yaml/snakeyaml/1.26/snakeyaml-1.26.jar:/Users/philwhiles/.m2/repository/org/springframework/boot/spring-boot-starter-json/2.3.0.RELEASE/spring-boot-starter-json-2.3.0.RELEASE.jar:/Users/philwhiles/.m2/repository/org/springframework/spring-web/5.2.6.RELEASE/spring-web-5.2.6.RELEASE.jar:/Users/philwhiles/.m2/repository/org/springframework/spring-webmvc/5.2.6.RELEASE/spring-webmvc-5.2.6.RELEASE.jar:/Users/philwhiles/.m2/repository/org/springframework/spring-expression/5.2.6.RELEASE/spring-expression-5.2.6.RELEASE.jar:/Users/philwhiles/.m2/repository/com/google/cloud/google-cloud-firestore/1.35.1/google-cloud-firestore-1.35.1.jar:/Users/philwhiles/.m2/repository/com/google/cloud/google-cloud-core-grpc/1.93.7/google-cloud-core-grpc-1.93.7.jar:/Users/philwhiles/.m2/repository/io/grpc/grpc-core/1.30.2/grpc-core-1.30.2.jar:/Users/philwhiles/.m2/repository/com/google/android/annotations/4.1.1.4/annotations-4.1.1.4.jar:/Users/philwhiles/.m2/repository/io/perfmark/perfmark-api/0.19.0/perfmark-api-0.19.0.jar:/Users/philwhiles/.m2/repository/com/google/http-client/google-http-client/1.36.0/google-http-client-1.36.0.jar:/Users/philwhiles/.m2/repository/commons-logging/commons-logging/1.2/commons-logging-1.2.jar:/Users/philwhiles/.m2/repository/commons-codec/commons-codec/1.14/commons-codec-1.14.jar:/Users/philwhiles/.m2/repository/org/apache/httpcomponents/httpcore/4.4.13/httpcore-4.4.13.jar:/Users/philwhiles/.m2/repository/io/opencensus/opencensus-contrib-http-util/0.24.0/opencensus-contrib-http-util-0.24.0.jar:/Users/philwhiles/.m2/repository/com/google/api/grpc/proto-google-cloud-firestore-admin-v1/1.35.1/proto-google-cloud-firestore-admin-v1-1.35.1.jar:/Users/philwhiles/.m2/repository/com/google/api/grpc/proto-google-cloud-firestore-v1/1.35.1/proto-google-cloud-firestore-v1-1.35.1.jar:/Users/philwhiles/.m2/repository/com/google/api/grpc/proto-google-cloud-firestore-v1beta1/0.88.1/proto-google-cloud-firestore-v1beta1-0.88.1.jar:/Users/philwhiles/.m2/repository/com/google/auto/value/auto-value-annotations/1.7.2/auto-value-annotations-1.7.2.jar:/Users/philwhiles/.m2/repository/io/opencensus/opencensus-contrib-grpc-util/0.24.0/opencensus-contrib-grpc-util-0.24.0.jar:/Users/philwhiles/.m2/repository/com/google/api/api-common/1.9.3/api-common-1.9.3.jar:/Users/philwhiles/.m2/repository/javax/annotation/javax.annotation-api/1.3.2/javax.annotation-api-1.3.2.jar:/Users/philwhiles/.m2/repository/io/grpc/grpc-protobuf/1.30.2/grpc-protobuf-1.30.2.jar:/Users/philwhiles/.m2/repository/io/grpc/grpc-protobuf-lite/1.30.2/grpc-protobuf-lite-1.30.2.jar:/Users/philwhiles/.m2/repository/org/codehaus/mojo/animal-sniffer-annotations/1.18/animal-sniffer-annotations-1.18.jar:/Users/philwhiles/.m2/repository/io/grpc/grpc-context/1.30.2/grpc-context-1.30.2.jar:/Users/philwhiles/.m2/repository/com/google/protobuf/protobuf-java/3.12.2/protobuf-java-3.12.2.jar:/Users/philwhiles/.m2/repository/com/google/api/grpc/proto-google-common-protos/1.18.0/proto-google-common-protos-1.18.0.jar:/Users/philwhiles/.m2/repository/com/google/api/gax/1.57.1/gax-1.57.1.jar:/Users/philwhiles/.m2/repository/com/google/auth/google-auth-library-oauth2-http/0.21.1/google-auth-library-oauth2-http-0.21.1.jar:/Users/philwhiles/.m2/repository/io/grpc/grpc-api/1.30.2/grpc-api-1.30.2.jar:/Users/philwhiles/.m2/repository/com/google/api/gax-grpc/1.57.1/gax-grpc-1.57.1.jar:/Users/philwhiles/.m2/repository/io/grpc/grpc-auth/1.30.2/grpc-auth-1.30.2.jar:/Users/philwhiles/.m2/repository/io/grpc/grpc-netty-shaded/1.30.2/grpc-netty-shaded-1.30.2.jar:/Users/philwhiles/.m2/repository/io/grpc/grpc-alts/1.30.2/grpc-alts-1.30.2.jar:/Users/philwhiles/.m2/repository/io/grpc/grpc-grpclb/1.30.2/grpc-grpclb-1.30.2.jar:/Users/philwhiles/.m2/repository/org/conscrypt/conscrypt-openjdk-uber/2.2.1/conscrypt-openjdk-uber-2.2.1.jar:/Users/philwhiles/.m2/repository/org/threeten/threetenbp/1.4.4/threetenbp-1.4.4.jar:/Users/philwhiles/.m2/repository/io/grpc/grpc-stub/1.30.2/grpc-stub-1.30.2.jar:/Users/philwhiles/.m2/repository/io/opencensus/opencensus-api/0.24.0/opencensus-api-0.24.0.jar:/Users/philwhiles/.m2/repository/com/google/auth/google-auth-library-credentials/0.21.1/google-auth-library-credentials-0.21.1.jar:/Users/philwhiles/.m2/repository/com/google/cloud/google-cloud-core/1.93.7/google-cloud-core-1.93.7.jar:/Users/philwhiles/.m2/repository/com/google/api/grpc/proto-google-iam-v1/0.13.0/proto-google-iam-v1-0.13.0.jar:/Users/philwhiles/.m2/repository/com/google/http-client/google-http-client-jackson2/1.36.0/google-http-client-jackson2-1.36.0.jar:/Users/philwhiles/.m2/repository/com/google/code/gson/gson/2.8.6/gson-2.8.6.jar:/Users/philwhiles/.m2/repository/com/google/protobuf/protobuf-java-util/3.12.2/protobuf-java-util-3.12.2.jar:/Users/philwhiles/.m2/repository/org/springframework/boot/spring-boot-starter-validation/2.3.0.RELEASE/spring-boot-starter-validation-2.3.0.RELEASE.jar:/Users/philwhiles/.m2/repository/org/glassfish/jakarta.el/3.0.3/jakarta.el-3.0.3.jar:/Users/philwhiles/.m2/repository/org/hibernate/validator/hibernate-validator/6.1.5.Final/hibernate-validator-6.1.5.Final.jar:/Users/philwhiles/.m2/repository/jakarta/validation/jakarta.validation-api/2.0.2/jakarta.validation-api-2.0.2.jar:/Users/philwhiles/.m2/repository/org/jboss/logging/jboss-logging/3.4.1.Final/jboss-logging-3.4.1.Final.jar:/Users/philwhiles/.m2/repository/com/fasterxml/classmate/1.5.1/classmate-1.5.1.jar:/Users/philwhiles/.m2/repository/org/springframework/boot/spring-boot-starter-security/2.3.0.RELEASE/spring-boot-starter-security-2.3.0.RELEASE.jar:/Users/philwhiles/.m2/repository/org/springframework/spring-aop/5.2.6.RELEASE/spring-aop-5.2.6.RELEASE.jar:/Users/philwhiles/.m2/repository/org/springframework/security/spring-security-config/5.3.2.RELEASE/spring-security-config-5.3.2.RELEASE.jar:/Users/philwhiles/.m2/repository/org/springframework/security/spring-security-core/5.3.2.RELEASE/spring-security-core-5.3.2.RELEASE.jar:/Users/philwhiles/.m2/repository/org/springframework/security/spring-security-web/5.3.2.RELEASE/spring-security-web-5.3.2.RELEASE.jar:/Users/philwhiles/.m2/repository/org/springframework/retry/spring-retry/1.2.5.RELEASE/spring-retry-1.2.5.RELEASE.jar:/Users/philwhiles/.m2/repository/org/springframework/spring-core/5.2.6.RELEASE/spring-core-5.2.6.RELEASE.jar:/Users/philwhiles/.m2/repository/org/springframework/spring-jcl/5.2.6.RELEASE/spring-jcl-5.2.6.RELEASE.jar:/Users/philwhiles/.m2/repository/org/springframework/cloud/spring-cloud-starter-circuitbreaker-resilience4j/1.0.4.RELEASE/spring-cloud-starter-circuitbreaker-resilience4j-1.0.4.RELEASE.jar:/Users/philwhiles/.m2/repository/org/springframework/cloud/spring-cloud-starter/2.2.4.RELEASE/spring-cloud-starter-2.2.4.RELEASE.jar:/Users/philwhiles/.m2/repository/org/springframework/cloud/spring-cloud-context/2.2.4.RELEASE/spring-cloud-context-2.2.4.RELEASE.jar:/Users/philwhiles/.m2/repository/org/springframework/security/spring-security-crypto/5.3.2.RELEASE/spring-security-crypto-5.3.2.RELEASE.jar:/Users/philwhiles/.m2/repository/org/springframework/cloud/spring-cloud-commons/2.2.4.RELEASE/spring-cloud-commons-2.2.4.RELEASE.jar:/Users/philwhiles/.m2/repository/org/springframework/security/spring-security-rsa/1.0.9.RELEASE/spring-security-rsa-1.0.9.RELEASE.jar:/Users/philwhiles/.m2/repository/org/springframework/cloud/spring-cloud-circuitbreaker-resilience4j/1.0.4.RELEASE/spring-cloud-circuitbreaker-resilience4j-1.0.4.RELEASE.jar:/Users/philwhiles/.m2/repository/io/github/resilience4j/resilience4j-circuitbreaker/1.3.1/resilience4j-circuitbreaker-1.3.1.jar:/Users/philwhiles/.m2/repository/io/vavr/vavr/0.10.2/vavr-0.10.2.jar:/Users/philwhiles/.m2/repository/io/vavr/vavr-match/0.10.2/vavr-match-0.10.2.jar:/Users/philwhiles/.m2/repository/io/github/resilience4j/resilience4j-core/1.3.1/resilience4j-core-1.3.1.jar:/Users/philwhiles/.m2/repository/io/github/resilience4j/resilience4j-timelimiter/1.3.1/resilience4j-timelimiter-1.3.1.jar:/Users/philwhiles/.m2/repository/org/springframework/spring-aspects/5.2.6.RELEASE/spring-aspects-5.2.6.RELEASE.jar:/Users/philwhiles/.m2/repository/org/aspectj/aspectjweaver/1.9.5/aspectjweaver-1.9.5.jar:/Users/philwhiles/.m2/repository/org/springframework/spring-oxm/5.2.6.RELEASE/spring-oxm-5.2.6.RELEASE.jar:/Users/philwhiles/.m2/repository/org/springframework/spring-beans/5.2.6.RELEASE/spring-beans-5.2.6.RELEASE.jar:/Users/philwhiles/.m2/repository/org/apache/httpcomponents/httpclient/4.5.12/httpclient-4.5.12.jar:/Users/philwhiles/.m2/repository/org/redisson/redisson/3.2.0/redisson-3.2.0.jar:/Users/philwhiles/.m2/repository/io/netty/netty-common/4.1.49.Final/netty-common-4.1.49.Final.jar:/Users/philwhiles/.m2/repository/io/netty/netty-codec/4.1.49.Final/netty-codec-4.1.49.Final.jar:/Users/philwhiles/.m2/repository/io/netty/netty-buffer/4.1.49.Final/netty-buffer-4.1.49.Final.jar:/Users/philwhiles/.m2/repository/io/netty/netty-transport/4.1.49.Final/netty-transport-4.1.49.Final.jar:/Users/philwhiles/.m2/repository/io/netty/netty-resolver/4.1.49.Final/netty-resolver-4.1.49.Final.jar:/Users/philwhiles/.m2/repository/io/netty/netty-handler/4.1.49.Final/netty-handler-4.1.49.Final.jar:/Users/philwhiles/.m2/repository/io/projectreactor/reactor-stream/2.0.8.RELEASE/reactor-stream-2.0.8.RELEASE.jar:/Users/philwhiles/.m2/repository/io/projectreactor/reactor-core/3.3.5.RELEASE/reactor-core-3.3.5.RELEASE.jar:/Users/philwhiles/.m2/repository/org/reactivestreams/reactive-streams/1.0.3/reactive-streams-1.0.3.jar:/Users/philwhiles/.m2/repository/com/fasterxml/jackson/dataformat/jackson-dataformat-yaml/2.11.0/jackson-dataformat-yaml-2.11.0.jar:/Users/philwhiles/.m2/repository/net/openhft/zero-allocation-hashing/0.5/zero-allocation-hashing-0.5.jar:/Users/philwhiles/.m2/repository/net/bytebuddy/byte-buddy/1.10.10/byte-buddy-1.10.10.jar:/Users/philwhiles/.m2/repository/org/jodd/jodd-bean/3.7.1/jodd-bean-3.7.1.jar:/Users/philwhiles/.m2/repository/org/jodd/jodd-core/3.7.1/jodd-core-3.7.1.jar:/Users/philwhiles/.m2/repository/ma/glasnost/orika/orika-core/1.5.2/orika-core-1.5.2.jar:/Users/philwhiles/.m2/repository/org/javassist/javassist/3.19.0-GA/javassist-3.19.0-GA.jar:/Users/philwhiles/.m2/repository/com/thoughtworks/paranamer/paranamer/2.8/paranamer-2.8.jar:/Users/philwhiles/.m2/repository/com/googlecode/concurrentlinkedhashmap/concurrentlinkedhashmap-lru/1.4.2/concurrentlinkedhashmap-lru-1.4.2.jar:/Users/philwhiles/.m2/repository/com/carrotsearch/java-sizeof/0.0.4/java-sizeof-0.0.4.jar:/Users/philwhiles/.m2/repository/org/codehaus/janino/janino/3.1.2/janino-3.1.2.jar:/Users/philwhiles/.m2/repository/org/codehaus/janino/commons-compiler/3.1.2/commons-compiler-3.1.2.jar:/Users/philwhiles/.m2/repository/uk/gov/ons/ctp/integration/common/census-int-case-api-client/0.0.21/census-int-case-api-client-0.0.21.jar:/Users/philwhiles/.m2/repository/javax/inject/javax.inject/1/javax.inject-1.jar:/Users/philwhiles/.m2/repository/uk/gov/ons/ctp/integration/common/event-publisher/0.0.52/event-publisher-0.0.52.jar:/Users/philwhiles/.m2/repository/uk/gov/ons/ctp/integration/common/test-framework/0.0.20/test-framework-0.0.20.jar:/Users/philwhiles/.m2/repository/org/springframework/boot/spring-boot-starter-test/2.3.0.RELEASE/spring-boot-starter-test-2.3.0.RELEASE.jar:/Users/philwhiles/.m2/repository/org/springframework/boot/spring-boot-test/2.3.0.RELEASE/spring-boot-test-2.3.0.RELEASE.jar:/Users/philwhiles/.m2/repository/org/springframework/boot/spring-boot-test-autoconfigure/2.3.0.RELEASE/spring-boot-test-autoconfigure-2.3.0.RELEASE.jar:/Users/philwhiles/.m2/repository/jakarta/xml/bind/jakarta.xml.bind-api/2.3.3/jakarta.xml.bind-api-2.3.3.jar:/Users/philwhiles/.m2/repository/jakarta/activation/jakarta.activation-api/1.2.2/jakarta.activation-api-1.2.2.jar:/Users/philwhiles/.m2/repository/org/assertj/assertj-core/3.16.1/assertj-core-3.16.1.jar:/Users/philwhiles/.m2/repository/org/hamcrest/hamcrest/2.2/hamcrest-2.2.jar:/Users/philwhiles/.m2/repository/org/junit/jupiter/junit-jupiter/5.6.2/junit-jupiter-5.6.2.jar:/Users/philwhiles/.m2/repository/org/junit/jupiter/junit-jupiter-api/5.6.2/junit-jupiter-api-5.6.2.jar:/Users/philwhiles/.m2/repository/org/opentest4j/opentest4j/1.2.0/opentest4j-1.2.0.jar:/Users/philwhiles/.m2/repository/org/junit/platform/junit-platform-commons/1.6.2/junit-platform-commons-1.6.2.jar:/Users/philwhiles/.m2/repository/org/junit/jupiter/junit-jupiter-params/5.6.2/junit-jupiter-params-5.6.2.jar:/Users/philwhiles/.m2/repository/org/junit/jupiter/junit-jupiter-engine/5.6.2/junit-jupiter-engine-5.6.2.jar:/Users/philwhiles/.m2/repository/org/junit/vintage/junit-vintage-engine/5.6.2/junit-vintage-engine-5.6.2.jar:/Users/philwhiles/.m2/repository/org/apiguardian/apiguardian-api/1.1.0/apiguardian-api-1.1.0.jar:/Users/philwhiles/.m2/repository/org/junit/platform/junit-platform-engine/1.6.2/junit-platform-engine-1.6.2.jar:/Users/philwhiles/.m2/repository/junit/junit/4.13/junit-4.13.jar:/Users/philwhiles/.m2/repository/org/mockito/mockito-core/3.3.3/mockito-core-3.3.3.jar:/Users/philwhiles/.m2/repository/net/bytebuddy/byte-buddy-agent/1.10.10/byte-buddy-agent-1.10.10.jar:/Users/philwhiles/.m2/repository/org/objenesis/objenesis/2.6/objenesis-2.6.jar:/Users/philwhiles/.m2/repository/org/mockito/mockito-junit-jupiter/3.3.3/mockito-junit-jupiter-3.3.3.jar:/Users/philwhiles/.m2/repository/org/skyscreamer/jsonassert/1.5.0/jsonassert-1.5.0.jar:/Users/philwhiles/.m2/repository/com/vaadin/external/google/android-json/0.0.20131108.vaadin1/android-json-0.0.20131108.vaadin1.jar:/Users/philwhiles/.m2/repository/org/springframework/spring-test/5.2.6.RELEASE/spring-test-5.2.6.RELEASE.jar:/Users/philwhiles/.m2/repository/org/xmlunit/xmlunit-core/2.7.0/xmlunit-core-2.7.0.jar:/Users/philwhiles/.m2/repository/org/springframework/amqp/spring-amqp/2.2.6.RELEASE/spring-amqp-2.2.6.RELEASE.jar:/Users/philwhiles/.m2/repository/org/springframework/amqp/spring-rabbit/2.2.6.RELEASE/spring-rabbit-2.2.6.RELEASE.jar:/Users/philwhiles/.m2/repository/com/rabbitmq/amqp-client/5.9.0/amqp-client-5.9.0.jar:/Users/philwhiles/.m2/repository/org/springframework/spring-context/5.2.6.RELEASE/spring-context-5.2.6.RELEASE.jar:/Users/philwhiles/.m2/repository/org/springframework/spring-messaging/5.2.6.RELEASE/spring-messaging-5.2.6.RELEASE.jar:/Users/philwhiles/.m2/repository/org/springframework/spring-tx/5.2.6.RELEASE/spring-tx-5.2.6.RELEASE.jar:/Users/philwhiles/.m2/repository/javax/servlet/javax.servlet-api/4.0.1/javax.servlet-api-4.0.1.jar:/Users/philwhiles/.m2/repository/com/jayway/jsonpath/json-path/2.4.0/json-path-2.4.0.jar:/Users/philwhiles/.m2/repository/com/mashape/unirest/unirest-java/1.4.9/unirest-java-1.4.9.jar:/Users/philwhiles/.m2/repository/org/apache/httpcomponents/httpasyncclient/4.1.4/httpasyncclient-4.1.4.jar:/Users/philwhiles/.m2/repository/org/apache/httpcomponents/httpcore-nio/4.4.13/httpcore-nio-4.4.13.jar:/Users/philwhiles/.m2/repository/org/apache/httpcomponents/httpmime/4.5.12/httpmime-4.5.12.jar:/Users/philwhiles/.m2/repository/org/json/json/20160212/json-20160212.jar:/Users/philwhiles/.m2/repository/org/bouncycastle/bcprov-jdk15on/1.64/bcprov-jdk15on-1.64.jar:/Users/philwhiles/.m2/repository/org/bouncycastle/bcpkix-jdk15on/1.64/bcpkix-jdk15on-1.64.jar:/Users/philwhiles/.m2/repository/com/nimbusds/nimbus-jose-jwt/8.1/nimbus-jose-jwt-8.1.jar:/Users/philwhiles/.m2/repository/com/github/stephenc/jcip/jcip-annotations/1.0-1/jcip-annotations-1.0-1.jar:/Users/philwhiles/.m2/repository/net/minidev/json-smart/2.3/json-smart-2.3.jar:/Users/philwhiles/.m2/repository/net/minidev/accessors-smart/1.2/accessors-smart-1.2.jar:"/>
    <property name="java.vm.vendor" value="Oracle Corporation"/>
    <property name="sun.arch.data.model" value="64"/>
    <property name="java.vendor.url" value="http://java.oracle.com/"/>
    <property name="user.timezone" value=""/>
    <property name="java.vm.specification.version" value="11"/>
    <property name="os.name" value="Mac OS X"/>
    <property name="sun.java.launcher" value="SUN_STANDARD"/>
    <property name="user.country" value="GB"/>
    <property name="sun.boot.library.path" value="/Library/Java/JavaVirtualMachines/jdk-11.0.1.jdk/Contents/Home/lib"/>
    <property name="sun.java.command" value="/Users/philwhiles/Development/workspaces/eclipse/phoenix/sdc-int-common/eq-launcher/target/surefire/surefirebooter14723620397963839701.jar /Users/philwhiles/Development/workspaces/eclipse/phoenix/sdc-int-common/eq-launcher/target/surefire 2021-05-28T10-05-11_680-jvmRun1 surefire13272319822139865146tmp surefire_24769023269980705826tmp"/>
    <property name="http.nonProxyHosts" value="local|*.local|169.254/16|*.169.254/16"/>
    <property name="jdk.debug" value="release"/>
    <property name="surefire.test.class.path" value="/Users/philwhiles/Development/workspaces/eclipse/phoenix/sdc-int-common/eq-launcher/target/test-classes:/Users/philwhiles/Development/workspaces/eclipse/phoenix/sdc-int-common/eq-launcher/target/classes:/Users/philwhiles/.m2/repository/org/projectlombok/lombok/1.18.12/lombok-1.18.12.jar:/Users/philwhiles/.m2/repository/org/apache/commons/commons-collections4/4.2/commons-collections4-4.2.jar:/Users/philwhiles/.m2/repository/org/apache/commons/commons-lang3/3.8.1/commons-lang3-3.8.1.jar:/Users/philwhiles/.m2/repository/com/fasterxml/jackson/module/jackson-module-parameter-names/2.11.0/jackson-module-parameter-names-2.11.0.jar:/Users/philwhiles/.m2/repository/com/fasterxml/jackson/core/jackson-core/2.11.0/jackson-core-2.11.0.jar:/Users/philwhiles/.m2/repository/com/fasterxml/jackson/core/jackson-databind/2.11.0/jackson-databind-2.11.0.jar:/Users/philwhiles/.m2/repository/com/fasterxml/jackson/datatype/jackson-datatype-jdk8/2.11.0/jackson-datatype-jdk8-2.11.0.jar:/Users/philwhiles/.m2/repository/com/fasterxml/jackson/datatype/jackson-datatype-jsr310/2.11.0/jackson-datatype-jsr310-2.11.0.jar:/Users/philwhiles/.m2/repository/com/fasterxml/jackson/core/jackson-annotations/2.11.0/jackson-annotations-2.11.0.jar:/Users/philwhiles/.m2/repository/com/godaddy/logging/1.2.5/logging-1.2.5.jar:/Users/philwhiles/.m2/repository/org/slf4j/slf4j-api/1.7.30/slf4j-api-1.7.30.jar:/Users/philwhiles/.m2/repository/net/logstash/logback/logstash-logback-encoder/4.11/logstash-logback-encoder-4.11.jar:/Users/philwhiles/.m2/repository/ch/qos/logback/logback-core/1.2.3/logback-core-1.2.3.jar:/Users/philwhiles/.m2/repository/com/google/guava/guava/29.0-android/guava-29.0-android.jar:/Users/philwhiles/.m2/repository/com/google/guava/failureaccess/1.0.1/failureaccess-1.0.1.jar:/Users/philwhiles/.m2/repository/com/google/guava/listenablefuture/9999.0-empty-to-avoid-conflict-with-guava/listenablefuture-9999.0-empty-to-avoid-conflict-with-guava.jar:/Users/philwhiles/.m2/repository/com/google/code/findbugs/jsr305/3.0.2/jsr305-3.0.2.jar:/Users/philwhiles/.m2/repository/org/checkerframework/checker-compat-qual/2.5.5/checker-compat-qual-2.5.5.jar:/Users/philwhiles/.m2/repository/com/google/errorprone/error_prone_annotations/2.3.4/error_prone_annotations-2.3.4.jar:/Users/philwhiles/.m2/repository/com/google/j2objc/j2objc-annotations/1.3/j2objc-annotations-1.3.jar:/Users/philwhiles/.m2/repository/com/esotericsoftware/reflectasm/1.11.3/reflectasm-1.11.3.jar:/Users/philwhiles/.m2/repository/org/ow2/asm/asm/5.0.4/asm-5.0.4.jar:/Users/philwhiles/.m2/repository/uk/gov/ons/ctp/integration/common/framework/0.0.79/framework-0.0.79.jar:/Users/philwhiles/.m2/repository/org/springframework/boot/spring-boot-starter-web/2.3.0.RELEASE/spring-boot-starter-web-2.3.0.RELEASE.jar:/Users/philwhiles/.m2/repository/org/springframework/boot/spring-boot-starter/2.3.0.RELEASE/spring-boot-starter-2.3.0.RELEASE.jar:/Users/philwhiles/.m2/repository/org/springframework/boot/spring-boot/2.3.0.RELEASE/spring-boot-2.3.0.RELEASE.jar:/Users/philwhiles/.m2/repository/org/springframework/boot/spring-boot-autoconfigure/2.3.0.RELEASE/spring-boot-autoconfigure-2.3.0.RELEASE.jar:/Users/philwhiles/.m2/repository/org/springframework/boot/spring-boot-starter-logging/2.3.0.RELEASE/spring-boot-starter-logging-2.3.0.RELEASE.jar:/Users/philwhiles/.m2/repository/ch/qos/logback/logback-classic/1.2.3/logback-classic-1.2.3.jar:/Users/philwhiles/.m2/repository/org/apache/logging/log4j/log4j-to-slf4j/2.13.2/log4j-to-slf4j-2.13.2.jar:/Users/philwhiles/.m2/repository/org/apache/logging/log4j/log4j-api/2.13.2/log4j-api-2.13.2.jar:/Users/philwhiles/.m2/repository/org/slf4j/jul-to-slf4j/1.7.30/jul-to-slf4j-1.7.30.jar:/Users/philwhiles/.m2/repository/jakarta/annotation/jakarta.annotation-api/1.3.5/jakarta.annotation-api-1.3.5.jar:/Users/philwhiles/.m2/repository/org/yaml/snakeyaml/1.26/snakeyaml-1.26.jar:/Users/philwhiles/.m2/repository/org/springframework/boot/spring-boot-starter-json/2.3.0.RELEASE/spring-boot-starter-json-2.3.0.RELEASE.jar:/Users/philwhiles/.m2/repository/org/springframework/spring-web/5.2.6.RELEASE/spring-web-5.2.6.RELEASE.jar:/Users/philwhiles/.m2/repository/org/springframework/spring-webmvc/5.2.6.RELEASE/spring-webmvc-5.2.6.RELEASE.jar:/Users/philwhiles/.m2/repository/org/springframework/spring-expression/5.2.6.RELEASE/spring-expression-5.2.6.RELEASE.jar:/Users/philwhiles/.m2/repository/com/google/cloud/google-cloud-firestore/1.35.1/google-cloud-firestore-1.35.1.jar:/Users/philwhiles/.m2/repository/com/google/cloud/google-cloud-core-grpc/1.93.7/google-cloud-core-grpc-1.93.7.jar:/Users/philwhiles/.m2/repository/io/grpc/grpc-core/1.30.2/grpc-core-1.30.2.jar:/Users/philwhiles/.m2/repository/com/google/android/annotations/4.1.1.4/annotations-4.1.1.4.jar:/Users/philwhiles/.m2/repository/io/perfmark/perfmark-api/0.19.0/perfmark-api-0.19.0.jar:/Users/philwhiles/.m2/repository/com/google/http-client/google-http-client/1.36.0/google-http-client-1.36.0.jar:/Users/philwhiles/.m2/repository/commons-logging/commons-logging/1.2/commons-logging-1.2.jar:/Users/philwhiles/.m2/repository/commons-codec/commons-codec/1.14/commons-codec-1.14.jar:/Users/philwhiles/.m2/repository/org/apache/httpcomponents/httpcore/4.4.13/httpcore-4.4.13.jar:/Users/philwhiles/.m2/repository/io/opencensus/opencensus-contrib-http-util/0.24.0/opencensus-contrib-http-util-0.24.0.jar:/Users/philwhiles/.m2/repository/com/google/api/grpc/proto-google-cloud-firestore-admin-v1/1.35.1/proto-google-cloud-firestore-admin-v1-1.35.1.jar:/Users/philwhiles/.m2/repository/com/google/api/grpc/proto-google-cloud-firestore-v1/1.35.1/proto-google-cloud-firestore-v1-1.35.1.jar:/Users/philwhiles/.m2/repository/com/google/api/grpc/proto-google-cloud-firestore-v1beta1/0.88.1/proto-google-cloud-firestore-v1beta1-0.88.1.jar:/Users/philwhiles/.m2/repository/com/google/auto/value/auto-value-annotations/1.7.2/auto-value-annotations-1.7.2.jar:/Users/philwhiles/.m2/repository/io/opencensus/opencensus-contrib-grpc-util/0.24.0/opencensus-contrib-grpc-util-0.24.0.jar:/Users/philwhiles/.m2/repository/com/google/api/api-common/1.9.3/api-common-1.9.3.jar:/Users/philwhiles/.m2/repository/javax/annotation/javax.annotation-api/1.3.2/javax.annotation-api-1.3.2.jar:/Users/philwhiles/.m2/repository/io/grpc/grpc-protobuf/1.30.2/grpc-protobuf-1.30.2.jar:/Users/philwhiles/.m2/repository/io/grpc/grpc-protobuf-lite/1.30.2/grpc-protobuf-lite-1.30.2.jar:/Users/philwhiles/.m2/repository/org/codehaus/mojo/animal-sniffer-annotations/1.18/animal-sniffer-annotations-1.18.jar:/Users/philwhiles/.m2/repository/io/grpc/grpc-context/1.30.2/grpc-context-1.30.2.jar:/Users/philwhiles/.m2/repository/com/google/protobuf/protobuf-java/3.12.2/protobuf-java-3.12.2.jar:/Users/philwhiles/.m2/repository/com/google/api/grpc/proto-google-common-protos/1.18.0/proto-google-common-protos-1.18.0.jar:/Users/philwhiles/.m2/repository/com/google/api/gax/1.57.1/gax-1.57.1.jar:/Users/philwhiles/.m2/repository/com/google/auth/google-auth-library-oauth2-http/0.21.1/google-auth-library-oauth2-http-0.21.1.jar:/Users/philwhiles/.m2/repository/io/grpc/grpc-api/1.30.2/grpc-api-1.30.2.jar:/Users/philwhiles/.m2/repository/com/google/api/gax-grpc/1.57.1/gax-grpc-1.57.1.jar:/Users/philwhiles/.m2/repository/io/grpc/grpc-auth/1.30.2/grpc-auth-1.30.2.jar:/Users/philwhiles/.m2/repository/io/grpc/grpc-netty-shaded/1.30.2/grpc-netty-shaded-1.30.2.jar:/Users/philwhiles/.m2/repository/io/grpc/grpc-alts/1.30.2/grpc-alts-1.30.2.jar:/Users/philwhiles/.m2/repository/io/grpc/grpc-grpclb/1.30.2/grpc-grpclb-1.30.2.jar:/Users/philwhiles/.m2/repository/org/conscrypt/conscrypt-openjdk-uber/2.2.1/conscrypt-openjdk-uber-2.2.1.jar:/Users/philwhiles/.m2/repository/org/threeten/threetenbp/1.4.4/threetenbp-1.4.4.jar:/Users/philwhiles/.m2/repository/io/grpc/grpc-stub/1.30.2/grpc-stub-1.30.2.jar:/Users/philwhiles/.m2/repository/io/opencensus/opencensus-api/0.24.0/opencensus-api-0.24.0.jar:/Users/philwhiles/.m2/repository/com/google/auth/google-auth-library-credentials/0.21.1/google-auth-library-credentials-0.21.1.jar:/Users/philwhiles/.m2/repository/com/google/cloud/google-cloud-core/1.93.7/google-cloud-core-1.93.7.jar:/Users/philwhiles/.m2/repository/com/google/api/grpc/proto-google-iam-v1/0.13.0/proto-google-iam-v1-0.13.0.jar:/Users/philwhiles/.m2/repository/com/google/http-client/google-http-client-jackson2/1.36.0/google-http-client-jackson2-1.36.0.jar:/Users/philwhiles/.m2/repository/com/google/code/gson/gson/2.8.6/gson-2.8.6.jar:/Users/philwhiles/.m2/repository/com/google/protobuf/protobuf-java-util/3.12.2/protobuf-java-util-3.12.2.jar:/Users/philwhiles/.m2/repository/org/springframework/boot/spring-boot-starter-validation/2.3.0.RELEASE/spring-boot-starter-validation-2.3.0.RELEASE.jar:/Users/philwhiles/.m2/repository/org/glassfish/jakarta.el/3.0.3/jakarta.el-3.0.3.jar:/Users/philwhiles/.m2/repository/org/hibernate/validator/hibernate-validator/6.1.5.Final/hibernate-validator-6.1.5.Final.jar:/Users/philwhiles/.m2/repository/jakarta/validation/jakarta.validation-api/2.0.2/jakarta.validation-api-2.0.2.jar:/Users/philwhiles/.m2/repository/org/jboss/logging/jboss-logging/3.4.1.Final/jboss-logging-3.4.1.Final.jar:/Users/philwhiles/.m2/repository/com/fasterxml/classmate/1.5.1/classmate-1.5.1.jar:/Users/philwhiles/.m2/repository/org/springframework/boot/spring-boot-starter-security/2.3.0.RELEASE/spring-boot-starter-security-2.3.0.RELEASE.jar:/Users/philwhiles/.m2/repository/org/springframework/spring-aop/5.2.6.RELEASE/spring-aop-5.2.6.RELEASE.jar:/Users/philwhiles/.m2/repository/org/springframework/security/spring-security-config/5.3.2.RELEASE/spring-security-config-5.3.2.RELEASE.jar:/Users/philwhiles/.m2/repository/org/springframework/security/spring-security-core/5.3.2.RELEASE/spring-security-core-5.3.2.RELEASE.jar:/Users/philwhiles/.m2/repository/org/springframework/security/spring-security-web/5.3.2.RELEASE/spring-security-web-5.3.2.RELEASE.jar:/Users/philwhiles/.m2/repository/org/springframework/retry/spring-retry/1.2.5.RELEASE/spring-retry-1.2.5.RELEASE.jar:/Users/philwhiles/.m2/repository/org/springframework/spring-core/5.2.6.RELEASE/spring-core-5.2.6.RELEASE.jar:/Users/philwhiles/.m2/repository/org/springframework/spring-jcl/5.2.6.RELEASE/spring-jcl-5.2.6.RELEASE.jar:/Users/philwhiles/.m2/repository/org/springframework/cloud/spring-cloud-starter-circuitbreaker-resilience4j/1.0.4.RELEASE/spring-cloud-starter-circuitbreaker-resilience4j-1.0.4.RELEASE.jar:/Users/philwhiles/.m2/repository/org/springframework/cloud/spring-cloud-starter/2.2.4.RELEASE/spring-cloud-starter-2.2.4.RELEASE.jar:/Users/philwhiles/.m2/repository/org/springframework/cloud/spring-cloud-context/2.2.4.RELEASE/spring-cloud-context-2.2.4.RELEASE.jar:/Users/philwhiles/.m2/repository/org/springframework/security/spring-security-crypto/5.3.2.RELEASE/spring-security-crypto-5.3.2.RELEASE.jar:/Users/philwhiles/.m2/repository/org/springframework/cloud/spring-cloud-commons/2.2.4.RELEASE/spring-cloud-commons-2.2.4.RELEASE.jar:/Users/philwhiles/.m2/repository/org/springframework/security/spring-security-rsa/1.0.9.RELEASE/spring-security-rsa-1.0.9.RELEASE.jar:/Users/philwhiles/.m2/repository/org/springframework/cloud/spring-cloud-circuitbreaker-resilience4j/1.0.4.RELEASE/spring-cloud-circuitbreaker-resilience4j-1.0.4.RELEASE.jar:/Users/philwhiles/.m2/repository/io/github/resilience4j/resilience4j-circuitbreaker/1.3.1/resilience4j-circuitbreaker-1.3.1.jar:/Users/philwhiles/.m2/repository/io/vavr/vavr/0.10.2/vavr-0.10.2.jar:/Users/philwhiles/.m2/repository/io/vavr/vavr-match/0.10.2/vavr-match-0.10.2.jar:/Users/philwhiles/.m2/repository/io/github/resilience4j/resilience4j-core/1.3.1/resilience4j-core-1.3.1.jar:/Users/philwhiles/.m2/repository/io/github/resilience4j/resilience4j-timelimiter/1.3.1/resilience4j-timelimiter-1.3.1.jar:/Users/philwhiles/.m2/repository/org/springframework/spring-aspects/5.2.6.RELEASE/spring-aspects-5.2.6.RELEASE.jar:/Users/philwhiles/.m2/repository/org/aspectj/aspectjweaver/1.9.5/aspectjweaver-1.9.5.jar:/Users/philwhiles/.m2/repository/org/springframework/spring-oxm/5.2.6.RELEASE/spring-oxm-5.2.6.RELEASE.jar:/Users/philwhiles/.m2/repository/org/springframework/spring-beans/5.2.6.RELEASE/spring-beans-5.2.6.RELEASE.jar:/Users/philwhiles/.m2/repository/org/apache/httpcomponents/httpclient/4.5.12/httpclient-4.5.12.jar:/Users/philwhiles/.m2/repository/org/redisson/redisson/3.2.0/redisson-3.2.0.jar:/Users/philwhiles/.m2/repository/io/netty/netty-common/4.1.49.Final/netty-common-4.1.49.Final.jar:/Users/philwhiles/.m2/repository/io/netty/netty-codec/4.1.49.Final/netty-codec-4.1.49.Final.jar:/Users/philwhiles/.m2/repository/io/netty/netty-buffer/4.1.49.Final/netty-buffer-4.1.49.Final.jar:/Users/philwhiles/.m2/repository/io/netty/netty-transport/4.1.49.Final/netty-transport-4.1.49.Final.jar:/Users/philwhiles/.m2/repository/io/netty/netty-resolver/4.1.49.Final/netty-resolver-4.1.49.Final.jar:/Users/philwhiles/.m2/repository/io/netty/netty-handler/4.1.49.Final/netty-handler-4.1.49.Final.jar:/Users/philwhiles/.m2/repository/io/projectreactor/reactor-stream/2.0.8.RELEASE/reactor-stream-2.0.8.RELEASE.jar:/Users/philwhiles/.m2/repository/io/projectreactor/reactor-core/3.3.5.RELEASE/reactor-core-3.3.5.RELEASE.jar:/Users/philwhiles/.m2/repository/org/reactivestreams/reactive-streams/1.0.3/reactive-streams-1.0.3.jar:/Users/philwhiles/.m2/repository/com/fasterxml/jackson/dataformat/jackson-dataformat-yaml/2.11.0/jackson-dataformat-yaml-2.11.0.jar:/Users/philwhiles/.m2/repository/net/openhft/zero-allocation-hashing/0.5/zero-allocation-hashing-0.5.jar:/Users/philwhiles/.m2/repository/net/bytebuddy/byte-buddy/1.10.10/byte-buddy-1.10.10.jar:/Users/philwhiles/.m2/repository/org/jodd/jodd-bean/3.7.1/jodd-bean-3.7.1.jar:/Users/philwhiles/.m2/repository/org/jodd/jodd-core/3.7.1/jodd-core-3.7.1.jar:/Users/philwhiles/.m2/repository/ma/glasnost/orika/orika-core/1.5.2/orika-core-1.5.2.jar:/Users/philwhiles/.m2/repository/org/javassist/javassist/3.19.0-GA/javassist-3.19.0-GA.jar:/Users/philwhiles/.m2/repository/com/thoughtworks/paranamer/paranamer/2.8/paranamer-2.8.jar:/Users/philwhiles/.m2/repository/com/googlecode/concurrentlinkedhashmap/concurrentlinkedhashmap-lru/1.4.2/concurrentlinkedhashmap-lru-1.4.2.jar:/Users/philwhiles/.m2/repository/com/carrotsearch/java-sizeof/0.0.4/java-sizeof-0.0.4.jar:/Users/philwhiles/.m2/repository/org/codehaus/janino/janino/3.1.2/janino-3.1.2.jar:/Users/philwhiles/.m2/repository/org/codehaus/janino/commons-compiler/3.1.2/commons-compiler-3.1.2.jar:/Users/philwhiles/.m2/repository/uk/gov/ons/ctp/integration/common/census-int-case-api-client/0.0.21/census-int-case-api-client-0.0.21.jar:/Users/philwhiles/.m2/repository/javax/inject/javax.inject/1/javax.inject-1.jar:/Users/philwhiles/.m2/repository/uk/gov/ons/ctp/integration/common/event-publisher/0.0.52/event-publisher-0.0.52.jar:/Users/philwhiles/.m2/repository/uk/gov/ons/ctp/integration/common/test-framework/0.0.20/test-framework-0.0.20.jar:/Users/philwhiles/.m2/repository/org/springframework/boot/spring-boot-starter-test/2.3.0.RELEASE/spring-boot-starter-test-2.3.0.RELEASE.jar:/Users/philwhiles/.m2/repository/org/springframework/boot/spring-boot-test/2.3.0.RELEASE/spring-boot-test-2.3.0.RELEASE.jar:/Users/philwhiles/.m2/repository/org/springframework/boot/spring-boot-test-autoconfigure/2.3.0.RELEASE/spring-boot-test-autoconfigure-2.3.0.RELEASE.jar:/Users/philwhiles/.m2/repository/jakarta/xml/bind/jakarta.xml.bind-api/2.3.3/jakarta.xml.bind-api-2.3.3.jar:/Users/philwhiles/.m2/repository/jakarta/activation/jakarta.activation-api/1.2.2/jakarta.activation-api-1.2.2.jar:/Users/philwhiles/.m2/repository/org/assertj/assertj-core/3.16.1/assertj-core-3.16.1.jar:/Users/philwhiles/.m2/repository/org/hamcrest/hamcrest/2.2/hamcrest-2.2.jar:/Users/philwhiles/.m2/repository/org/junit/jupiter/junit-jupiter/5.6.2/junit-jupiter-5.6.2.jar:/Users/philwhiles/.m2/repository/org/junit/jupiter/junit-jupiter-api/5.6.2/junit-jupiter-api-5.6.2.jar:/Users/philwhiles/.m2/repository/org/opentest4j/opentest4j/1.2.0/opentest4j-1.2.0.jar:/Users/philwhiles/.m2/repository/org/junit/platform/junit-platform-commons/1.6.2/junit-platform-commons-1.6.2.jar:/Users/philwhiles/.m2/repository/org/junit/jupiter/junit-jupiter-params/5.6.2/junit-jupiter-params-5.6.2.jar:/Users/philwhiles/.m2/repository/org/junit/jupiter/junit-jupiter-engine/5.6.2/junit-jupiter-engine-5.6.2.jar:/Users/philwhiles/.m2/repository/org/junit/vintage/junit-vintage-engine/5.6.2/junit-vintage-engine-5.6.2.jar:/Users/philwhiles/.m2/repository/org/apiguardian/apiguardian-api/1.1.0/apiguardian-api-1.1.0.jar:/Users/philwhiles/.m2/repository/org/junit/platform/junit-platform-engine/1.6.2/junit-platform-engine-1.6.2.jar:/Users/philwhiles/.m2/repository/junit/junit/4.13/junit-4.13.jar:/Users/philwhiles/.m2/repository/org/mockito/mockito-core/3.3.3/mockito-core-3.3.3.jar:/Users/philwhiles/.m2/repository/net/bytebuddy/byte-buddy-agent/1.10.10/byte-buddy-agent-1.10.10.jar:/Users/philwhiles/.m2/repository/org/objenesis/objenesis/2.6/objenesis-2.6.jar:/Users/philwhiles/.m2/repository/org/mockito/mockito-junit-jupiter/3.3.3/mockito-junit-jupiter-3.3.3.jar:/Users/philwhiles/.m2/repository/org/skyscreamer/jsonassert/1.5.0/jsonassert-1.5.0.jar:/Users/philwhiles/.m2/repository/com/vaadin/external/google/android-json/0.0.20131108.vaadin1/android-json-0.0.20131108.vaadin1.jar:/Users/philwhiles/.m2/repository/org/springframework/spring-test/5.2.6.RELEASE/spring-test-5.2.6.RELEASE.jar:/Users/philwhiles/.m2/repository/org/xmlunit/xmlunit-core/2.7.0/xmlunit-core-2.7.0.jar:/Users/philwhiles/.m2/repository/org/springframework/amqp/spring-amqp/2.2.6.RELEASE/spring-amqp-2.2.6.RELEASE.jar:/Users/philwhiles/.m2/repository/org/springframework/amqp/spring-rabbit/2.2.6.RELEASE/spring-rabbit-2.2.6.RELEASE.jar:/Users/philwhiles/.m2/repository/com/rabbitmq/amqp-client/5.9.0/amqp-client-5.9.0.jar:/Users/philwhiles/.m2/repository/org/springframework/spring-context/5.2.6.RELEASE/spring-context-5.2.6.RELEASE.jar:/Users/philwhiles/.m2/repository/org/springframework/spring-messaging/5.2.6.RELEASE/spring-messaging-5.2.6.RELEASE.jar:/Users/philwhiles/.m2/repository/org/springframework/spring-tx/5.2.6.RELEASE/spring-tx-5.2.6.RELEASE.jar:/Users/philwhiles/.m2/repository/javax/servlet/javax.servlet-api/4.0.1/javax.servlet-api-4.0.1.jar:/Users/philwhiles/.m2/repository/com/jayway/jsonpath/json-path/2.4.0/json-path-2.4.0.jar:/Users/philwhiles/.m2/repository/com/mashape/unirest/unirest-java/1.4.9/unirest-java-1.4.9.jar:/Users/philwhiles/.m2/repository/org/apache/httpcomponents/httpasyncclient/4.1.4/httpasyncclient-4.1.4.jar:/Users/philwhiles/.m2/repository/org/apache/httpcomponents/httpcore-nio/4.4.13/httpcore-nio-4.4.13.jar:/Users/philwhiles/.m2/repository/org/apache/httpcomponents/httpmime/4.5.12/httpmime-4.5.12.jar:/Users/philwhiles/.m2/repository/org/json/json/20160212/json-20160212.jar:/Users/philwhiles/.m2/repository/org/bouncycastle/bcprov-jdk15on/1.64/bcprov-jdk15on-1.64.jar:/Users/philwhiles/.m2/repository/org/bouncycastle/bcpkix-jdk15on/1.64/bcpkix-jdk15on-1.64.jar:/Users/philwhiles/.m2/repository/com/nimbusds/nimbus-jose-jwt/8.1/nimbus-jose-jwt-8.1.jar:/Users/philwhiles/.m2/repository/com/github/stephenc/jcip/jcip-annotations/1.0-1/jcip-annotations-1.0-1.jar:/Users/philwhiles/.m2/repository/net/minidev/json-smart/2.3/json-smart-2.3.jar:/Users/philwhiles/.m2/repository/net/minidev/accessors-smart/1.2/accessors-smart-1.2.jar:"/>
    <property name="sun.cpu.endian" value="little"/>
    <property name="user.home" value="/Users/philwhiles"/>
    <property name="user.language" value="en"/>
    <property name="java.specification.vendor" value="Oracle Corporation"/>
    <property name="java.version.date" value="2018-10-16"/>
    <property name="java.home" value="/Library/Java/JavaVirtualMachines/jdk-11.0.1.jdk/Contents/Home"/>
    <property name="file.separator" value="/"/>
    <property name="basedir" value="/Users/philwhiles/Development/workspaces/eclipse/phoenix/sdc-int-common/eq-launcher"/>
    <property name="java.vm.compressedOopsMode" value="Zero based"/>
    <property name="line.separator" value="&#10;"/>
    <property name="java.specification.name" value="Java Platform API Specification"/>
    <property name="java.vm.specification.vendor" value="Oracle Corporation"/>
    <property name="java.awt.graphicsenv" value="sun.awt.CGraphicsEnvironment"/>
    <property name="surefire.real.class.path" value="/Users/philwhiles/Development/workspaces/eclipse/phoenix/sdc-int-common/eq-launcher/target/surefire/surefirebooter14723620397963839701.jar"/>
    <property name="sun.management.compiler" value="HotSpot 64-Bit Tiered Compilers"/>
    <property name="ftp.nonProxyHosts" value="local|*.local|169.254/16|*.169.254/16"/>
    <property name="java.runtime.version" value="11.0.1+13-LTS"/>
    <property name="user.name" value="philwhiles"/>
    <property name="path.separator" value=":"/>
    <property name="os.version" value="10.16"/>
    <property name="java.runtime.name" value="Java(TM) SE Runtime Environment"/>
    <property name="file.encoding" value="UTF-8"/>
    <property name="java.vm.name" value="Java HotSpot(TM) 64-Bit Server VM"/>
    <property name="java.vendor.version" value="18.9"/>
    <property name="localRepository" value="/Users/philwhiles/.m2/repository"/>
    <property name="java.vendor.url.bug" value="http://bugreport.java.com/bugreport/"/>
    <property name="java.io.tmpdir" value="/var/folders/jv/ndklk2tn31q22xkgqj8886sr0000gn/T/"/>
    <property name="java.version" value="11.0.1"/>
    <property name="user.dir" value="/Users/philwhiles/Development/workspaces/eclipse/phoenix/sdc-int-common/eq-launcher"/>
    <property name="os.arch" value="x86_64"/>
    <property name="java.vm.specification.name" value="Java Virtual Machine Specification"/>
    <property name="java.awt.printerjob" value="sun.lwawt.macosx.CPrinterJob"/>
    <property name="sun.os.patch.level" value="unknown"/>
    <property name="java.library.path" value="/Users/philwhiles/Library/Java/Extensions:/Library/Java/Extensions:/Network/Library/Java/Extensions:/System/Library/Java/Extensions:/usr/lib/java:."/>
    <property name="java.vendor" value="Oracle Corporation"/>
    <property name="java.vm.info" value="mixed mode"/>
    <property name="java.vm.version" value="11.0.1+13-LTS"/>
    <property name="sun.io.unicode.encoding" value="UnicodeBig"/>
    <property name="java.class.version" value="55.0"/>
    <property name="socksNonProxyHosts" value="local|*.local|169.254/16|*.169.254/16"/>
  </properties>
  <testcase name="testDecodeBadKey" classname="uk.gov.ons.ctp.integration.eqlaunch.crypto.JWSHelperTest" time="0.86"/>
  <testcase name="testEncodeBadKey" classname="uk.gov.ons.ctp.integration.eqlaunch.crypto.JWSHelperTest" time="0.002"/>
  <testcase name="testGetKidNotInHeader" classname="uk.gov.ons.ctp.integration.eqlaunch.crypto.JWSHelperTest" time="0.002"/>
  <testcase name="testDecodeWrongKey" classname="uk.gov.ons.ctp.integration.eqlaunch.crypto.JWSHelperTest" time="0.688"/>
  <testcase name="testGetKidEmptyString" classname="uk.gov.ons.ctp.integration.eqlaunch.crypto.JWSHelperTest" time="0"/>
</testsuite>